<?xml version="1.0" encoding="UTF-8"?>
<testsuite xmlns:xsi="http://www.w3.org/2001/XMLSchema-instance" xsi:noNamespaceSchemaLocation="https://maven.apache.org/surefire/maven-surefire-plugin/xsd/surefire-test-report.xsd" name="spring.coverage.example.controller.ExampleControllerImplTest" time="1.727" tests="4" errors="0" skipped="0" failures="0">
  <properties>
[...]
</properties>
  <testcase name="createExampleFail" classname="spring.coverage.example.controller.ExampleControllerImplTest" time="1.514"/>
  <testcase name="getExampleByIdTest" classname="spring.coverage.example.controller.ExampleControllerImplTest" time="0.166"/>
  <testcase name="createExample" classname="spring.coverage.example.controller.ExampleControllerImplTest" time="0.005"/>
  <testcase name="getAllExamples" classname="spring.coverage.example.controller.ExampleControllerImplTest" time="0.003"/>
</testsuite>