<?xml version="1.0" encoding="UTF-8"?>
<testsuite xmlns:xsi="http://www.w3.org/2001/XMLSchema-instance" xsi:noNamespaceSchemaLocation="https://maven.apache.org/surefire/maven-surefire-plugin/xsd/surefire-test-report.xsd" name="coverage.loteria.TestLoteria" time="0.141" tests="7" errors="0" skipped="0" failures="0">
  <properties>
[...]
</properties>
  <testcase name="no_hubo_un_ganador" classname="coverage.loteria.TestLoteria" time="0.051"/>
  <testcase name="unico_ganador" classname="coverage.loteria.TestLoteria" time="0"/>
  <testcase name="cuadruple_ganadores" classname="coverage.loteria.TestLoteria" time="0.007"/>
  <testcase name="test_geters_Loteria" classname="coverage.loteria.TestLoteria" time="0.011"/>
  <testcase name="no_hubo_cuatro_ganadores" classname="coverage.loteria.TestLoteria" time="0"/>
  <testcase name="jugadas_ganadoras" classname="coverage.loteria.TestLoteria" time="0"/>
  <testcase name="sin_ganadores" classname="coverage.loteria.TestLoteria" time="0.001"/>
</testsuite>